This is pdfTeX, Version 3.1415926-2.4-1.40.13 (TeX Live 2012) (format=pdflatex 2012.6.30)  17 MAY 2013 17:23
entering extended mode
 restricted \write18 enabled.
 file:line:error style messages enabled.
 %&-line parsing enabled.
**herp.tex
(./herp.tex
LaTeX2e <2011/06/27>
Babel <v3.8m> and hyphenation patterns for english, dumylang, nohyphenation, ge
rman-x-2012-05-30, ngerman-x-2012-05-30, afrikaans, ancientgreek, ibycus, arabi
c, armenian, basque, bulgarian, catalan, pinyin, coptic, croatian, czech, danis
h, dutch, ukenglish, usenglishmax, esperanto, estonian, ethiopic, farsi, finnis
h, french, friulan, galician, german, ngerman, swissgerman, monogreek, greek, h
ungarian, icelandic, assamese, bengali, gujarati, hindi, kannada, malayalam, ma
rathi, oriya, panjabi, tamil, telugu, indonesian, interlingua, irish, italian, 
kurmanji, latin, latvian, lithuanian, mongolian, mongolianlmc, bokmal, nynorsk,
 polish, portuguese, romanian, romansh, russian, sanskrit, serbian, serbianc, s
lovak, slovenian, spanish, swedish, turkish, turkmen, ukrainian, uppersorbian, 
welsh, loaded.
(/usr/local/texlive/2012/texmf-dist/tex/latex/base/article.cls
Document Class: article 2007/10/19 v1.4h Standard LaTeX document class
(/usr/local/texlive/2012/texmf-dist/tex/latex/base/size12.clo
File: size12.clo 2007/10/19 v1.4h Standard LaTeX file (size option)
)
\c@part=\count79
\c@section=\count80
\c@subsection=\count81
\c@subsubsection=\count82
\c@paragraph=\count83
\c@subparagraph=\count84
\c@figure=\count85
\c@table=\count86
\abovecaptionskip=\skip41
\belowcaptionskip=\skip42
\bibindent=\dimen102
)
(/usr/local/texlive/2012/texmf-dist/tex/generic/babel/babel.sty
Package: babel 2008/07/08 v3.8m The Babel package

(/usr/local/texlive/2012/texmf-dist/tex/generic/babel/english.ldf
Language: english 2005/03/30 v3.3o English support from the babel system

(/usr/local/texlive/2012/texmf-dist/tex/generic/babel/babel.def
File: babel.def 2008/07/08 v3.8m Babel common definitions
\babel@savecnt=\count87
\U@D=\dimen103
)
\l@canadian = a dialect from \language\l@american 
\l@australian = a dialect from \language\l@british 
\l@newzealand = a dialect from \language\l@british 
))
(/usr/local/texlive/2012/texmf-dist/tex/latex/geometry/geometry.sty
Package: geometry 2010/09/12 v5.6 Page Geometry

(/usr/local/texlive/2012/texmf-dist/tex/latex/graphics/keyval.sty
Package: keyval 1999/03/16 v1.13 key=value parser (DPC)
\KV@toks@=\toks14
)
(/usr/local/texlive/2012/texmf-dist/tex/generic/oberdiek/ifpdf.sty
Package: ifpdf 2011/01/30 v2.3 Provides the ifpdf switch (HO)
Package ifpdf Info: pdfTeX in PDF mode is detected.
)
(/usr/local/texlive/2012/texmf-dist/tex/generic/oberdiek/ifvtex.sty
Package: ifvtex 2010/03/01 v1.5 Detect VTeX and its facilities (HO)
Package ifvtex Info: VTeX not detected.
)
(/usr/local/texlive/2012/texmf-dist/tex/generic/ifxetex/ifxetex.sty
Package: ifxetex 2010/09/12 v0.6 Provides ifxetex conditional
)
\Gm@cnth=\count88
\Gm@cntv=\count89
\c@Gm@tempcnt=\count90
\Gm@bindingoffset=\dimen104
\Gm@wd@mp=\dimen105
\Gm@odd@mp=\dimen106
\Gm@even@mp=\dimen107
\Gm@layoutwidth=\dimen108
\Gm@layoutheight=\dimen109
\Gm@layouthoffset=\dimen110
\Gm@layoutvoffset=\dimen111
\Gm@dimlist=\toks15
)
(/usr/local/texlive/2012/texmf-dist/tex/latex/base/inputenc.sty
Package: inputenc 2008/03/30 v1.1d Input encoding file
\inpenc@prehook=\toks16
\inpenc@posthook=\toks17

(/usr/local/texlive/2012/texmf-dist/tex/latex/ucs/utf8x.def
File: utf8x.def 2004/10/17 UCS: Input encoding UTF-8
))
(/usr/local/texlive/2012/texmf-dist/tex/latex/ucs/ucs.sty
Package: ucs 2004/10/17 UCS: Unicode input support

(/usr/local/texlive/2012/texmf-dist/tex/latex/ucs/data/uni-global.def
File: uni-global.def 2012/04/20 UCS: Unicode global data
)
\uc@secondtry=\count91
\uc@combtoks=\toks18
\uc@combtoksb=\toks19
\uc@temptokena=\toks20
)
(/usr/local/texlive/2012/texmf-dist/tex/latex/amsmath/amsmath.sty
Package: amsmath 2000/07/18 v2.13 AMS math features
\@mathmargin=\skip43

For additional information on amsmath, use the `?' option.
(/usr/local/texlive/2012/texmf-dist/tex/latex/amsmath/amstext.sty
Package: amstext 2000/06/29 v2.01

(/usr/local/texlive/2012/texmf-dist/tex/latex/amsmath/amsgen.sty
File: amsgen.sty 1999/11/30 v2.0
\@emptytoks=\toks21
\ex@=\dimen112
))
(/usr/local/texlive/2012/texmf-dist/tex/latex/amsmath/amsbsy.sty
Package: amsbsy 1999/11/29 v1.2d
\pmbraise@=\dimen113
)
(/usr/local/texlive/2012/texmf-dist/tex/latex/amsmath/amsopn.sty
Package: amsopn 1999/12/14 v2.01 operator names
)
\inf@bad=\count92
LaTeX Info: Redefining \frac on input line 211.
\uproot@=\count93
\leftroot@=\count94
LaTeX Info: Redefining \overline on input line 307.
\classnum@=\count95
\DOTSCASE@=\count96
LaTeX Info: Redefining \ldots on input line 379.
LaTeX Info: Redefining \dots on input line 382.
LaTeX Info: Redefining \cdots on input line 467.
\Mathstrutbox@=\box26
\strutbox@=\box27
\big@size=\dimen114
LaTeX Font Info:    Redeclaring font encoding OML on input line 567.
LaTeX Font Info:    Redeclaring font encoding OMS on input line 568.
\macc@depth=\count97
\c@MaxMatrixCols=\count98
\dotsspace@=\muskip10
\c@parentequation=\count99
\dspbrk@lvl=\count100
\tag@help=\toks22
\row@=\count101
\column@=\count102
\maxfields@=\count103
\andhelp@=\toks23
\eqnshift@=\dimen115
\alignsep@=\dimen116
\tagshift@=\dimen117
\tagwidth@=\dimen118
\totwidth@=\dimen119
\lineht@=\dimen120
\@envbody=\toks24
\multlinegap=\skip44
\multlinetaggap=\skip45
\mathdisplay@stack=\toks25
LaTeX Info: Redefining \[ on input line 2666.
LaTeX Info: Redefining \] on input line 2667.
)
(/usr/local/texlive/2012/texmf-dist/tex/latex/graphics/graphicx.sty
Package: graphicx 1999/02/16 v1.0f Enhanced LaTeX Graphics (DPC,SPQR)

(/usr/local/texlive/2012/texmf-dist/tex/latex/graphics/graphics.sty
Package: graphics 2009/02/05 v1.0o Standard LaTeX Graphics (DPC,SPQR)

(/usr/local/texlive/2012/texmf-dist/tex/latex/graphics/trig.sty
Package: trig 1999/03/16 v1.09 sin cos tan (DPC)
)
(/usr/local/texlive/2012/texmf-dist/tex/latex/latexconfig/graphics.cfg
File: graphics.cfg 2010/04/23 v1.9 graphics configuration of TeX Live
)
Package graphics Info: Driver file: pdftex.def on input line 91.

(/usr/local/texlive/2012/texmf-dist/tex/latex/pdftex-def/pdftex.def
File: pdftex.def 2011/05/27 v0.06d Graphics/color for pdfTeX

(/usr/local/texlive/2012/texmf-dist/tex/generic/oberdiek/infwarerr.sty
Package: infwarerr 2010/04/08 v1.3 Providing info/warning/error messages (HO)
)
(/usr/local/texlive/2012/texmf-dist/tex/generic/oberdiek/ltxcmds.sty
Package: ltxcmds 2011/11/09 v1.22 LaTeX kernel commands for general use (HO)
)
\Gread@gobject=\count104
))
\Gin@req@height=\dimen121
\Gin@req@width=\dimen122
)
(/usr/local/texlive/2012/texmf-dist/tex/latex/tools/verbatim.sty
Package: verbatim 2003/08/22 v1.5q LaTeX2e package for verbatim enhancements
\every@verbatim=\toks26
\verbatim@line=\toks27
\verbatim@in@stream=\read1
)
(/usr/local/texlive/2012/texmf-dist/tex/latex/placeins/placeins.sty
Package: placeins 2005/04/18  v 2.2
)
(./herp.aux)
\openout1 = `herp.aux'.

LaTeX Font Info:    Checking defaults for OML/cmm/m/it on input line 18.
LaTeX Font Info:    ... okay on input line 18.
LaTeX Font Info:    Checking defaults for T1/cmr/m/n on input line 18.
LaTeX Font Info:    ... okay on input line 18.
LaTeX Font Info:    Checking defaults for OT1/cmr/m/n on input line 18.
LaTeX Font Info:    ... okay on input line 18.
LaTeX Font Info:    Checking defaults for OMS/cmsy/m/n on input line 18.
LaTeX Font Info:    ... okay on input line 18.
LaTeX Font Info:    Checking defaults for OMX/cmex/m/n on input line 18.
LaTeX Font Info:    ... okay on input line 18.
LaTeX Font Info:    Checking defaults for U/cmr/m/n on input line 18.
LaTeX Font Info:    ... okay on input line 18.

*geometry* driver: auto-detecting
*geometry* detected driver: pdftex
*geometry* verbose mode - [ preamble ] result:
* driver: pdftex
* paper: <default>
* layout: <same size as paper>
* layoutoffset:(h,v)=(0.0pt,0.0pt)
* modes: 
* h-part:(L,W,R)=(72.26999pt, 469.75502pt, 72.26999pt)
* v-part:(T,H,B)=(72.26999pt, 650.43001pt, 72.26999pt)
* \paperwidth=614.295pt
* \paperheight=794.96999pt
* \textwidth=469.75502pt
* \textheight=650.43001pt
* \oddsidemargin=0.0pt
* \evensidemargin=0.0pt
* \topmargin=-37.0pt
* \headheight=12.0pt
* \headsep=25.0pt
* \topskip=12.0pt
* \footskip=30.0pt
* \marginparwidth=44.0pt
* \marginparsep=10.0pt
* \columnsep=10.0pt
* \skip\footins=10.8pt plus 4.0pt minus 2.0pt
* \hoffset=0.0pt
* \voffset=0.0pt
* \mag=1000
* \@twocolumnfalse
* \@twosidefalse
* \@mparswitchfalse
* \@reversemarginfalse
* (1in=72.27pt=25.4mm, 1cm=28.453pt)

(/usr/local/texlive/2012/texmf-dist/tex/latex/ucs/ucsencs.def
File: ucsencs.def 2011/01/21 Fixes to fontencodings LGR, T3
)
(/usr/local/texlive/2012/texmf-dist/tex/context/base/supp-pdf.mkii
[Loading MPS to PDF converter (version 2006.09.02).]
\scratchcounter=\count105
\scratchdimen=\dimen123
\scratchbox=\box28
\nofMPsegments=\count106
\nofMParguments=\count107
\everyMPshowfont=\toks28
\MPscratchCnt=\count108
\MPscratchDim=\dimen124
\MPnumerator=\count109
\makeMPintoPDFobject=\count110
\everyMPtoPDFconversion=\toks29
) (/usr/local/texlive/2012/texmf-dist/tex/generic/oberdiek/pdftexcmds.sty
Package: pdftexcmds 2011/11/29 v0.20 Utility functions of pdfTeX for LuaTeX (HO
)

(/usr/local/texlive/2012/texmf-dist/tex/generic/oberdiek/ifluatex.sty
Package: ifluatex 2010/03/01 v1.3 Provides the ifluatex switch (HO)
Package ifluatex Info: LuaTeX not detected.
)
Package pdftexcmds Info: LuaTeX not detected.
Package pdftexcmds Info: \pdf@primitive is available.
Package pdftexcmds Info: \pdf@ifprimitive is available.
Package pdftexcmds Info: \pdfdraftmode found.
)
(/usr/local/texlive/2012/texmf-dist/tex/latex/oberdiek/epstopdf-base.sty
Package: epstopdf-base 2010/02/09 v2.5 Base part for package epstopdf

(/usr/local/texlive/2012/texmf-dist/tex/latex/oberdiek/grfext.sty
Package: grfext 2010/08/19 v1.1 Manage graphics extensions (HO)

(/usr/local/texlive/2012/texmf-dist/tex/generic/oberdiek/kvdefinekeys.sty
Package: kvdefinekeys 2011/04/07 v1.3 Define keys (HO)
))
(/usr/local/texlive/2012/texmf-dist/tex/latex/oberdiek/kvoptions.sty
Package: kvoptions 2011/06/30 v3.11 Key value format for package options (HO)

(/usr/local/texlive/2012/texmf-dist/tex/generic/oberdiek/kvsetkeys.sty
Package: kvsetkeys 2012/04/25 v1.16 Key value parser (HO)

(/usr/local/texlive/2012/texmf-dist/tex/generic/oberdiek/etexcmds.sty
Package: etexcmds 2011/02/16 v1.5 Avoid name clashes with e-TeX commands (HO)
Package etexcmds Info: Could not find \expanded.
(etexcmds)             That can mean that you are not using pdfTeX 1.50 or
(etexcmds)             that some package has redefined \expanded.
(etexcmds)             In the latter case, load this package earlier.
)))
Package grfext Info: Graphics extension search list:
(grfext)             [.png,.pdf,.jpg,.mps,.jpeg,.jbig2,.jb2,.PNG,.PDF,.JPG,.JPE
G,.JBIG2,.JB2,.eps]
(grfext)             \AppendGraphicsExtensions on input line 452.

(/usr/local/texlive/2012/texmf-dist/tex/latex/latexconfig/epstopdf-sys.cfg
File: epstopdf-sys.cfg 2010/07/13 v1.3 Configuration of (r)epstopdf for TeX Liv
e
))
[1

{/usr/local/texlive/2012/texmf-var/fonts/map/pdftex/updmap/pdftex.map}]
<microphone.jpg, id=9, 463.7325pt x 408.52625pt>
File: microphone.jpg Graphic file (type jpg)
 <use microphone.jpg>
Package pdftex.def Info: microphone.jpg used on input line 38.
(pdftex.def)             Requested size: 231.86568pt x 204.26262pt.

<connection.jpg, id=10, 508.90125pt x 213.79875pt>
File: connection.jpg Graphic file (type jpg)
 <use connection.jpg>
Package pdftex.def Info: connection.jpg used on input line 46.
(pdftex.def)             Requested size: 254.45pt x 106.89911pt.


LaTeX Warning: `!h' float specifier changed to `!ht'.

[2 <./microphone.jpg>] <noisy.png, id=14, 497.86pt x 389.455pt>
File: noisy.png Graphic file (type png)

<use noisy.png>
Package pdftex.def Info: noisy.png used on input line 63.
(pdftex.def)             Requested size: 348.49962pt x 272.61664pt.
 [3 <./connection.jpg> <./noisy.png>]
<hard.png, id=18, 502.87875pt x 387.4475pt>
File: hard.png Graphic file (type png)
 <use hard.png>
Package pdftex.def Info: hard.png used on input line 75.
(pdftex.def)             Requested size: 352.01273pt x 271.2114pt.

<fft.png, id=19, 494.84875pt x 390.45876pt>
File: fft.png Graphic file (type png)
 <use fft.png>
Package pdftex.def Info: fft.png used on input line 87.
(pdftex.def)             Requested size: 346.39177pt x 273.31926pt.


LaTeX Warning: `!h' float specifier changed to `!ht'.

[4 <./hard.png>] <enveloped.png, id=23, 496.85625pt x 379.4175pt>
File: enveloped.png Graphic file (type png)

<use enveloped.png>
Package pdftex.def Info: enveloped.png used on input line 101.
(pdftex.def)             Requested size: 347.797pt x 265.59042pt.


LaTeX Warning: `!h' float specifier changed to `!ht'.

[5 <./fft.png>] <normalized.png, id=27, 488.82625pt x 383.4325pt>
File: normalized.png Graphic file (type png)

<use normalized.png>
Package pdftex.def Info: normalized.png used on input line 110.
(pdftex.def)             Requested size: 342.17603pt x 268.40092pt.


LaTeX Warning: `!h' float specifier changed to `!ht'.

[6 <./enveloped.png>] [7 <./normalized.png>]
<raw.png, id=35, 473.77pt x 403.5075pt>
File: raw.png Graphic file (type png)
 <use raw.png>
Package pdftex.def Info: raw.png used on input line 146.
(pdftex.def)             Requested size: 284.26419pt x 242.10637pt.


LaTeX Warning: `!h' float specifier changed to `!ht'.

[8] <filteredhmm.png, id=39, 484.81125pt x 407.5225pt>
File: filteredhmm.png Graphic file (type png)
 <use filteredhmm.png>
Package pdftex.def Info: filteredhmm.png used on input line 156.
(pdftex.def)             Requested size: 290.88899pt x 244.51538pt.


LaTeX Warning: `!h' float specifier changed to `!ht'.

[9 <./raw.png>] <envelopedhmm.png, id=43, 477.785pt x 401.5pt>
File: envelopedhmm.png Graphic file (type png)

<use envelopedhmm.png>
Package pdftex.def Info: envelopedhmm.png used on input line 166.
(pdftex.def)             Requested size: 286.6732pt x 240.90184pt.
 [10 <./filteredhmm.png> <./envelopedhmm.png>]
<overlapinit.png, id=47, 476.78125pt x 396.48125pt>
File: overlapinit.png Graphic file (type png)
 <use overlapinit.png>
Package pdftex.def Info: overlapinit.png used on input line 176.
(pdftex.def)             Requested size: 286.07095pt x 237.89058pt.

<finalnoisy.png, id=48, 464.73625pt x 396.48125pt>
File: finalnoisy.png Graphic file (type png)
 <use finalnoisy.png>
Package pdftex.def Info: finalnoisy.png used on input line 186.
(pdftex.def)             Requested size: 278.84389pt x 237.89058pt.


LaTeX Warning: `!h' float specifier changed to `!ht'.

[11 <./overlapinit.png>] <finalhard.png, id=52, 464.73625pt x 385.44pt>
File: finalhard.png Graphic file (type png)

<use finalhard.png>
Package pdftex.def Info: finalhard.png used on input line 197.
(pdftex.def)             Requested size: 278.84389pt x 231.26578pt.
 [12 <./finalnoisy.png> <./finalhard.png>] [13] [14]
Overfull \hbox (55.12024pt too wide) in paragraph at lines 274--274
[]            \OT1/cmtt/m/n/12 filtered_data{i}.data{j} = interpft(filtered_dat
a{i}.data{j},avg_domain);[] 
 []

[15] [16] <triangle.png, id=70, 581.17125pt x 401.5pt>
File: triangle.png Graphic file (type png)
 <use triangle.png>
Package pdftex.def Info: triangle.png used on input line 370.
(pdftex.def)             Requested size: 232.46437pt x 160.59715pt.

<square.png, id=72, 702.625pt x 526.96875pt>
File: square.png Graphic file (type png)
 <use square.png>
Package pdftex.def Info: square.png used on input line 376.
(pdftex.def)             Requested size: 281.04501pt x 210.78375pt.

<loop.png, id=73, 539.01375pt x 342.27875pt>
File: loop.png Graphic file (type png)
 <use loop.png>
Package pdftex.def Info: loop.png used on input line 382.
(pdftex.def)             Requested size: 215.60167pt x 136.90906pt.


LaTeX Warning: `!h' float specifier changed to `!ht'.

<X.png, id=74, 481.8pt x 330.23375pt>
File: X.png Graphic file (type png)
 <use X.png>
Package pdftex.def Info: X.png used on input line 388.
(pdftex.def)             Requested size: 192.71658pt x 132.09114pt.


LaTeX Warning: `!h' float specifier changed to `!ht'.

<zigzag.png, id=75, 463.7325pt x 379.4175pt>
File: zigzag.png Graphic file (type png)
 <use zigzag.png>
Package pdftex.def Info: zigzag.png used on input line 394.
(pdftex.def)             Requested size: 185.4897pt x 151.7643pt.


LaTeX Warning: `!h' float specifier changed to `!ht'.

<balloon.png, id=76, 183.68625pt x 373.395pt>
File: balloon.png Graphic file (type png)
 <use balloon.png>
Package pdftex.def Info: balloon.png used on input line 400.
(pdftex.def)             Requested size: 73.47318pt x 149.35535pt.


LaTeX Warning: `!h' float specifier changed to `!ht'.

[17 <./triangle.png> <./square.png (PNG copy)>] [18 <./loop.png> <./X.png> <./z
igzag.png>] [19 <./balloon.png>] [20

] (./herp.aux) ) 
Here is how much of TeX's memory you used:
 3251 strings out of 493488
 46136 string characters out of 3141326
 123393 words of memory out of 3000000
 6495 multiletter control sequences out of 15000+200000
 6990 words of font info for 26 fonts, out of 3000000 for 9000
 957 hyphenation exceptions out of 8191
 37i,6n,32p,1275b,256s stack positions out of 5000i,500n,10000p,200000b,50000s
</usr/local/texlive/2012/texmf-dist/fonts/type1/public/amsfonts
/cm/cmbx12.pfb></usr/local/texlive/2012/texmf-dist/fonts/type1/public/amsfonts/
cm/cmr12.pfb></usr/local/texlive/2012/texmf-dist/fonts/type1/public/amsfonts/cm
/cmr17.pfb></usr/local/texlive/2012/texmf-dist/fonts/type1/public/amsfonts/cm/c
mtt12.pfb>
Output written on herp.pdf (20 pages, 534891 bytes).
PDF statistics:
 110 PDF objects out of 1000 (max. 8388607)
 59 compressed objects within 1 object stream
 0 named destinations out of 1000 (max. 500000)
 96 words of extra memory for PDF output out of 10000 (max. 10000000)

